<?xml version="1.0" encoding="UTF-8"?>
<testng-results ignored="0" total="1" passed="1" failed="0" skipped="0">
  <reporter-output>
  </reporter-output>
  <suite started-at="2021-07-04T21:03:29 IST" name="Default suite" finished-at="2021-07-04T21:04:10 IST" duration-ms="41318">
    <groups>
    </groups>
    <test started-at="2021-07-04T21:03:29 IST" name="Default test" finished-at="2021-07-04T21:04:10 IST" duration-ms="41318">
      <class name="Assigment.Aubergine.FinalExecution">
        <test-method signature="AccessURL()[pri:0, instance:Assigment.Aubergine.FinalExecution@f5acb9d]" started-at="2021-07-04T21:03:29 IST" name="AccessURL" finished-at="2021-07-04T21:04:10 IST" duration-ms="41195" status="PASS">
          <reporter-output>
          </reporter-output>
        </test-method> <!-- AccessURL -->
      </class> <!-- Assigment.Aubergine.FinalExecution -->
    </test> <!-- Default test -->
  </suite> <!-- Default suite -->
</testng-results>
